This file contains any messages produced by compilers while
running configure, to aid debugging if configure makes a mistake.

It was created by Omni configure 0.9.2, which was
generated by GNU Autoconf 2.72.  Invocation command line was

  $ ./configure --enable-devicecompile CFLAGS=

## --------- ##
## Platform. ##
## --------- ##

hostname = cursor
uname -m = x86_64
uname -r = 6.1.147
uname -s = Linux
uname -v = #1 SMP PREEMPT_DYNAMIC Tue Aug  5 21:01:56 UTC 2025

/usr/bin/uname -p = x86_64
/bin/uname -X     = unknown

/bin/arch              = x86_64
/usr/bin/arch -k       = unknown
/usr/convex/getsysinfo = unknown
/usr/bin/hostinfo      = unknown
/bin/machine           = unknown
/usr/bin/oslevel       = unknown
/bin/universe          = unknown

PATH: /workspace/
PATH: /workspace/
PATH: /workspace/
PATH: /workspace/
PATH: /workspace/
PATH: /workspace/
PATH: /workspace/
PATH: /workspace/
PATH: /workspace/
PATH: /workspace/
PATH: /workspace/
PATH: /workspace/
PATH: /workspace/
PATH: /workspace/
PATH: /workspace/
PATH: /workspace/
PATH: /workspace/
PATH: /workspace/
PATH: /workspace/
PATH: /workspace/
PATH: /workspace/
PATH: /workspace/
PATH: /workspace/
PATH: /workspace/
PATH: /workspace/
PATH: /workspace/
PATH: /workspace/
PATH: /workspace/
PATH: /workspace/
PATH: /workspace/
PATH: /workspace/
PATH: /workspace/
PATH: /workspace/
PATH: /home/ubuntu/.nvm/versions/node/v22.16.0/bin/
PATH: /usr/local/sbin/
PATH: /usr/local/bin/
PATH: /usr/sbin/
PATH: /usr/bin/
PATH: /sbin/
PATH: /bin/


## ----------- ##
## Core tests. ##
## ----------- ##

configure:2918: looking for aux files: config.guess config.sub ltmain.sh compile missing install-sh
configure:2931:  trying ./
configure:2960:   ./config.guess found
configure:2960:   ./config.sub found
configure:2960:   ./ltmain.sh found
configure:2960:   ./compile found
configure:2960:   ./missing found
configure:2942:   ./install-sh found
configure:3115: checking for a BSD-compatible install
configure:3189: result: /usr/bin/install -c
configure:3200: checking whether sleep supports fractional seconds
configure:3216: result: yes
configure:3219: checking filesystem timestamp resolution
configure:3354: result: 0.01
configure:3359: checking whether build environment is sane
configure:3400: result: yes
configure:3571: checking for a race-free mkdir -p
configure:3614: result: /usr/bin/mkdir -p
configure:3621: checking for gawk
configure:3657: result: no
configure:3621: checking for mawk
configure:3642: found /usr/bin/mawk
configure:3654: result: mawk
configure:3665: checking whether make sets $(MAKE)
configure:3689: result: yes
configure:3715: checking whether make supports nested variables
configure:3734: result: yes
configure:3748: checking xargs -n works
configure:3764: result: yes
configure:3886: result: Compiling for debugging: false
configure:3911: checking for glib-config
configure:3934: found /workspace/glib-config
configure:3947: result: /workspace/glib-config
configure:3977: checking whether make supports the include directive
configure:3992: make -f confmf.GNU && cat confinc.out
this is the am__doit target
configure:3995: $? = 0
configure:4014: result: yes (GNU style)
configure:4091: checking for gcc
configure:4112: found /usr/bin/gcc
configure:4124: result: gcc
configure:4483: checking for C compiler version
configure:4492: gcc --version >&5
gcc (Ubuntu 14.2.0-19ubuntu2) 14.2.0
Copyright (C) 2024 Free Software Foundation, Inc.
This is free software; see the source for copying conditions.  There is NO
warranty; not even for MERCHANTABILITY or FITNESS FOR A PARTICULAR PURPOSE.

configure:4503: $? = 0
configure:4492: gcc -v >&5
Using built-in specs.
COLLECT_GCC=gcc
COLLECT_LTO_WRAPPER=/usr/libexec/gcc/x86_64-linux-gnu/14/lto-wrapper
OFFLOAD_TARGET_NAMES=nvptx-none:amdgcn-amdhsa
OFFLOAD_TARGET_DEFAULT=1
Target: x86_64-linux-gnu
Configured with: ../src/configure -v --with-pkgversion='Ubuntu 14.2.0-19ubuntu2' --with-bugurl=file:///usr/share/doc/gcc-14/README.Bugs --enable-languages=c,ada,c++,go,d,fortran,objc,obj-c++,m2,rust --prefix=/usr --with-gcc-major-version-only --program-suffix=-14 --program-prefix=x86_64-linux-gnu- --enable-shared --enable-linker-build-id --libexecdir=/usr/libexec --without-included-gettext --enable-threads=posix --libdir=/usr/lib --enable-nls --enable-bootstrap --enable-clocale=gnu --enable-libstdcxx-debug --enable-libstdcxx-time=yes --with-default-libstdcxx-abi=new --enable-libstdcxx-backtrace --enable-gnu-unique-object --disable-vtable-verify --enable-plugin --enable-default-pie --with-system-zlib --enable-libphobos-checking=release --with-target-system-zlib=auto --enable-objc-gc=auto --enable-multiarch --disable-werror --enable-cet --with-arch-32=i686 --with-abi=m64 --with-multilib-list=m32,m64,mx32 --enable-multilib --with-tune=generic --enable-offload-targets=nvptx-none=/build/gcc-14-C86vgL/gcc-14-14.2.0/debian/tmp-nvptx/usr,amdgcn-amdhsa=/build/gcc-14-C86vgL/gcc-14-14.2.0/debian/tmp-gcn/usr --enable-offload-defaulted --without-cuda-driver --enable-checking=release --build=x86_64-linux-gnu --host=x86_64-linux-gnu --target=x86_64-linux-gnu --with-build-config=bootstrap-lto-lean --enable-link-serialization=2
Thread model: posix
Supported LTO compression algorithms: zlib zstd
gcc version 14.2.0 (Ubuntu 14.2.0-19ubuntu2) 
... rest of stderr output deleted ...
configure:4503: $? = 0
configure:4492: gcc -V >&5
gcc: error: unrecognized command-line option '-V'
gcc: fatal error: no input files
compilation terminated.
configure:4503: $? = 1
configure:4492: gcc -qversion >&5
gcc: error: unrecognized command-line option '-qversion'; did you mean '--version'?
gcc: fatal error: no input files
compilation terminated.
configure:4503: $? = 1
configure:4492: gcc -version >&5
gcc: error: unrecognized command-line option '-version'
gcc: fatal error: no input files
compilation terminated.
configure:4503: $? = 1
configure:4523: checking whether the C compiler works
configure:4545: gcc    conftest.c  >&5
configure:4549: $? = 0
configure:4600: result: yes
configure:4604: checking for C compiler default output file name
configure:4606: result: a.out
configure:4612: checking for suffix of executables
configure:4619: gcc -o conftest    conftest.c  >&5
configure:4623: $? = 0
configure:4647: result: 
configure:4671: checking whether we are cross compiling
configure:4679: gcc -o conftest    conftest.c  >&5
configure:4683: $? = 0
configure:4690: ./conftest
configure:4694: $? = 0
configure:4709: result: no
configure:4715: checking for suffix of object files
configure:4738: gcc -c   conftest.c >&5
configure:4742: $? = 0
configure:4766: result: o
configure:4770: checking whether the compiler supports GNU C
configure:4790: gcc -c   conftest.c >&5
configure:4790: $? = 0
configure:4802: result: yes
configure:4813: checking whether gcc accepts -g
configure:4834: gcc -c -g  conftest.c >&5
configure:4834: $? = 0
configure:4881: result: yes
configure:4901: checking for gcc option to enable C11 features
configure:4916: gcc  -c   conftest.c >&5
configure:4916: $? = 0
configure:4935: result: none needed
configure:5059: checking whether gcc understands -c and -o together
configure:5082: gcc -c conftest.c -o conftest2.o
configure:5085: $? = 0
configure:5082: gcc -c conftest.c -o conftest2.o
configure:5085: $? = 0
configure:5098: result: yes
configure:5117: checking dependency style of gcc
configure:5230: result: gcc3
configure:5246: checking for g_module_close in -lgmodule
configure:5275: gcc -o conftest    conftest.c -lgmodule   >&5
/usr/bin/ld: cannot find -lgmodule: No such file or directory
collect2: error: ld returned 1 exit status
configure:5275: $? = 1
configure: failed program was:
| /* confdefs.h */
| #define PACKAGE_NAME "Omni"
| #define PACKAGE_TARNAME "Omni"
| #define PACKAGE_VERSION "0.9.2"
| #define PACKAGE_STRING "Omni 0.9.2"
| #define PACKAGE_BUGREPORT "linuxprt@us.ibm.com"
| #define PACKAGE_URL ""
| #define PACKAGE ""
| #define VERSION "0.9.2"
| /* end confdefs.h.  */
| 
| /* Override any GCC internal prototype to avoid an error.
|    Use char because int might match the return type of a GCC
|    builtin and then its argument prototype would still apply.
|    The 'extern "C"' is for builds by C++ compilers;
|    although this is not generally supported in C code supporting it here
|    has little cost and some practical benefit (sr 110532).  */
| #ifdef __cplusplus
| extern "C"
| #endif
| char g_module_close (void);
| int
| main (void)
| {
| return g_module_close ();
|   ;
|   return 0;
| }
configure:5287: result: no
configure:5298: checking for vsyslog
configure:5298: gcc -o conftest    conftest.c  >&5
configure:5298: $? = 0
configure:5298: result: yes
configure:5312: checking for xml2-config
configure:5335: found /usr/bin/xml2-config
configure:5348: result: /usr/bin/xml2-config
configure:5472: result: Found XML development package: libxml2
configure:5536: checking for stdio.h
configure:5536: gcc -c   conftest.c >&5
configure:5536: $? = 0
configure:5536: result: yes
configure:5536: checking for stdlib.h
configure:5536: gcc -c   conftest.c >&5
configure:5536: $? = 0
configure:5536: result: yes
configure:5536: checking for string.h
configure:5536: gcc -c   conftest.c >&5
configure:5536: $? = 0
configure:5536: result: yes
configure:5536: checking for inttypes.h
configure:5536: gcc -c   conftest.c >&5
configure:5536: $? = 0
configure:5536: result: yes
configure:5536: checking for stdint.h
configure:5536: gcc -c   conftest.c >&5
configure:5536: $? = 0
configure:5536: result: yes
configure:5536: checking for strings.h
configure:5536: gcc -c   conftest.c >&5
configure:5536: $? = 0
configure:5536: result: yes
configure:5536: checking for sys/stat.h
configure:5536: gcc -c   conftest.c >&5
configure:5536: $? = 0
configure:5536: result: yes
configure:5536: checking for sys/types.h
configure:5536: gcc -c   conftest.c >&5
configure:5536: $? = 0
configure:5536: result: yes
configure:5536: checking for unistd.h
configure:5536: gcc -c   conftest.c >&5
configure:5536: $? = 0
configure:5536: result: yes
configure:5536: checking for sys/param.h
configure:5536: gcc -c   conftest.c >&5
configure:5536: $? = 0
configure:5536: result: yes
configure:5564: checking for cups/cups.h
configure:5564: gcc -c   conftest.c >&5
conftest.c:51:10: fatal error: cups/cups.h: No such file or directory
   51 | #include <cups/cups.h>
      |          ^~~~~~~~~~~~~
compilation terminated.
configure:5564: $? = 1
configure: failed program was:
| /* confdefs.h */
| #define PACKAGE_NAME "Omni"
| #define PACKAGE_TARNAME "Omni"
| #define PACKAGE_VERSION "0.9.2"
| #define PACKAGE_STRING "Omni 0.9.2"
| #define PACKAGE_BUGREPORT "linuxprt@us.ibm.com"
| #define PACKAGE_URL ""
| #define PACKAGE ""
| #define VERSION "0.9.2"
| #define HAVE_VSYSLOG 1
| #define HAVE_STDIO_H 1
| #define HAVE_STDLIB_H 1
| #define HAVE_STRING_H 1
| #define HAVE_INTTYPES_H 1
| #define HAVE_STDINT_H 1
| #define HAVE_STRINGS_H 1
| #define HAVE_SYS_STAT_H 1
| #define HAVE_SYS_TYPES_H 1
| #define HAVE_UNISTD_H 1
| #define HAVE_SYS_PARAM_H 1
| #define STDC_HEADERS 1
| /* end confdefs.h.  */
| #include <stddef.h>
| #ifdef HAVE_STDIO_H
| # include <stdio.h>
| #endif
| #ifdef HAVE_STDLIB_H
| # include <stdlib.h>
| #endif
| #ifdef HAVE_STRING_H
| # include <string.h>
| #endif
| #ifdef HAVE_INTTYPES_H
| # include <inttypes.h>
| #endif
| #ifdef HAVE_STDINT_H
| # include <stdint.h>
| #endif
| #ifdef HAVE_STRINGS_H
| # include <strings.h>
| #endif
| #ifdef HAVE_SYS_TYPES_H
| # include <sys/types.h>
| #endif
| #ifdef HAVE_SYS_STAT_H
| # include <sys/stat.h>
| #endif
| #ifdef HAVE_UNISTD_H
| # include <unistd.h>
| #endif
| #include <cups/cups.h>
configure:5564: result: no
configure:5564: checking for cups/raster.h
configure:5564: gcc -c   conftest.c >&5
conftest.c:51:10: fatal error: cups/raster.h: No such file or directory
   51 | #include <cups/raster.h>
      |          ^~~~~~~~~~~~~~~
compilation terminated.
configure:5564: $? = 1
configure: failed program was:
| /* confdefs.h */
| #define PACKAGE_NAME "Omni"
| #define PACKAGE_TARNAME "Omni"
| #define PACKAGE_VERSION "0.9.2"
| #define PACKAGE_STRING "Omni 0.9.2"
| #define PACKAGE_BUGREPORT "linuxprt@us.ibm.com"
| #define PACKAGE_URL ""
| #define PACKAGE ""
| #define VERSION "0.9.2"
| #define HAVE_VSYSLOG 1
| #define HAVE_STDIO_H 1
| #define HAVE_STDLIB_H 1
| #define HAVE_STRING_H 1
| #define HAVE_INTTYPES_H 1
| #define HAVE_STDINT_H 1
| #define HAVE_STRINGS_H 1
| #define HAVE_SYS_STAT_H 1
| #define HAVE_SYS_TYPES_H 1
| #define HAVE_UNISTD_H 1
| #define HAVE_SYS_PARAM_H 1
| #define STDC_HEADERS 1
| /* end confdefs.h.  */
| #include <stddef.h>
| #ifdef HAVE_STDIO_H
| # include <stdio.h>
| #endif
| #ifdef HAVE_STDLIB_H
| # include <stdlib.h>
| #endif
| #ifdef HAVE_STRING_H
| # include <string.h>
| #endif
| #ifdef HAVE_INTTYPES_H
| # include <inttypes.h>
| #endif
| #ifdef HAVE_STDINT_H
| # include <stdint.h>
| #endif
| #ifdef HAVE_STRINGS_H
| # include <strings.h>
| #endif
| #ifdef HAVE_SYS_TYPES_H
| # include <sys/types.h>
| #endif
| #ifdef HAVE_SYS_STAT_H
| # include <sys/stat.h>
| #endif
| #ifdef HAVE_UNISTD_H
| # include <unistd.h>
| #endif
| #include <cups/raster.h>
configure:5564: result: no
configure:5577: checking for ppdOpenFile in -lcups
configure:5606: gcc -o conftest    conftest.c -lcups   -lc >&5
/usr/bin/ld: cannot find -lcups: No such file or directory
collect2: error: ld returned 1 exit status
configure:5606: $? = 1
configure: failed program was:
| /* confdefs.h */
| #define PACKAGE_NAME "Omni"
| #define PACKAGE_TARNAME "Omni"
| #define PACKAGE_VERSION "0.9.2"
| #define PACKAGE_STRING "Omni 0.9.2"
| #define PACKAGE_BUGREPORT "linuxprt@us.ibm.com"
| #define PACKAGE_URL ""
| #define PACKAGE ""
| #define VERSION "0.9.2"
| #define HAVE_VSYSLOG 1
| #define HAVE_STDIO_H 1
| #define HAVE_STDLIB_H 1
| #define HAVE_STRING_H 1
| #define HAVE_INTTYPES_H 1
| #define HAVE_STDINT_H 1
| #define HAVE_STRINGS_H 1
| #define HAVE_SYS_STAT_H 1
| #define HAVE_SYS_TYPES_H 1
| #define HAVE_UNISTD_H 1
| #define HAVE_SYS_PARAM_H 1
| #define STDC_HEADERS 1
| /* end confdefs.h.  */
| 
| /* Override any GCC internal prototype to avoid an error.
|    Use char because int might match the return type of a GCC
|    builtin and then its argument prototype would still apply.
|    The 'extern "C"' is for builds by C++ compilers;
|    although this is not generally supported in C code supporting it here
|    has little cost and some practical benefit (sr 110532).  */
| #ifdef __cplusplus
| extern "C"
| #endif
| char ppdOpenFile (void);
| int
| main (void)
| {
| return ppdOpenFile ();
|   ;
|   return 0;
| }
configure:5618: result: no
configure:5628: checking for ppdClose in -lcups
configure:5657: gcc -o conftest    conftest.c -lcups   -lc >&5
/usr/bin/ld: cannot find -lcups: No such file or directory
collect2: error: ld returned 1 exit status
configure:5657: $? = 1
configure: failed program was:
| /* confdefs.h */
| #define PACKAGE_NAME "Omni"
| #define PACKAGE_TARNAME "Omni"
| #define PACKAGE_VERSION "0.9.2"
| #define PACKAGE_STRING "Omni 0.9.2"
| #define PACKAGE_BUGREPORT "linuxprt@us.ibm.com"
| #define PACKAGE_URL ""
| #define PACKAGE ""
| #define VERSION "0.9.2"
| #define HAVE_VSYSLOG 1
| #define HAVE_STDIO_H 1
| #define HAVE_STDLIB_H 1
| #define HAVE_STRING_H 1
| #define HAVE_INTTYPES_H 1
| #define HAVE_STDINT_H 1
| #define HAVE_STRINGS_H 1
| #define HAVE_SYS_STAT_H 1
| #define HAVE_SYS_TYPES_H 1
| #define HAVE_UNISTD_H 1
| #define HAVE_SYS_PARAM_H 1
| #define STDC_HEADERS 1
| /* end confdefs.h.  */
| 
| /* Override any GCC internal prototype to avoid an error.
|    Use char because int might match the return type of a GCC
|    builtin and then its argument prototype would still apply.
|    The 'extern "C"' is for builds by C++ compilers;
|    although this is not generally supported in C code supporting it here
|    has little cost and some practical benefit (sr 110532).  */
| #ifdef __cplusplus
| extern "C"
| #endif
| char ppdClose (void);
| int
| main (void)
| {
| return ppdClose ();
|   ;
|   return 0;
| }
configure:5669: result: no
configure:5679: checking for ppdFindAttr in -lcups
configure:5708: gcc -o conftest    conftest.c -lcups   -lc >&5
/usr/bin/ld: cannot find -lcups: No such file or directory
collect2: error: ld returned 1 exit status
configure:5708: $? = 1
configure: failed program was:
| /* confdefs.h */
| #define PACKAGE_NAME "Omni"
| #define PACKAGE_TARNAME "Omni"
| #define PACKAGE_VERSION "0.9.2"
| #define PACKAGE_STRING "Omni 0.9.2"
| #define PACKAGE_BUGREPORT "linuxprt@us.ibm.com"
| #define PACKAGE_URL ""
| #define PACKAGE ""
| #define VERSION "0.9.2"
| #define HAVE_VSYSLOG 1
| #define HAVE_STDIO_H 1
| #define HAVE_STDLIB_H 1
| #define HAVE_STRING_H 1
| #define HAVE_INTTYPES_H 1
| #define HAVE_STDINT_H 1
| #define HAVE_STRINGS_H 1
| #define HAVE_SYS_STAT_H 1
| #define HAVE_SYS_TYPES_H 1
| #define HAVE_UNISTD_H 1
| #define HAVE_SYS_PARAM_H 1
| #define STDC_HEADERS 1
| /* end confdefs.h.  */
| 
| /* Override any GCC internal prototype to avoid an error.
|    Use char because int might match the return type of a GCC
|    builtin and then its argument prototype would still apply.
|    The 'extern "C"' is for builds by C++ compilers;
|    although this is not generally supported in C code supporting it here
|    has little cost and some practical benefit (sr 110532).  */
| #ifdef __cplusplus
| extern "C"
| #endif
| char ppdFindAttr (void);
| int
| main (void)
| {
| return ppdFindAttr ();
|   ;
|   return 0;
| }
configure:5720: result: no
configure:5730: checking for cupsRasterOpen in -lcupsimage
configure:5759: gcc -o conftest    conftest.c -lcupsimage -lcups  -lc >&5
/usr/bin/ld: cannot find -lcupsimage: No such file or directory
/usr/bin/ld: cannot find -lcups: No such file or directory
collect2: error: ld returned 1 exit status
configure:5759: $? = 1
configure: failed program was:
| /* confdefs.h */
| #define PACKAGE_NAME "Omni"
| #define PACKAGE_TARNAME "Omni"
| #define PACKAGE_VERSION "0.9.2"
| #define PACKAGE_STRING "Omni 0.9.2"
| #define PACKAGE_BUGREPORT "linuxprt@us.ibm.com"
| #define PACKAGE_URL ""
| #define PACKAGE ""
| #define VERSION "0.9.2"
| #define HAVE_VSYSLOG 1
| #define HAVE_STDIO_H 1
| #define HAVE_STDLIB_H 1
| #define HAVE_STRING_H 1
| #define HAVE_INTTYPES_H 1
| #define HAVE_STDINT_H 1
| #define HAVE_STRINGS_H 1
| #define HAVE_SYS_STAT_H 1
| #define HAVE_SYS_TYPES_H 1
| #define HAVE_UNISTD_H 1
| #define HAVE_SYS_PARAM_H 1
| #define STDC_HEADERS 1
| /* end confdefs.h.  */
| 
| /* Override any GCC internal prototype to avoid an error.
|    Use char because int might match the return type of a GCC
|    builtin and then its argument prototype would still apply.
|    The 'extern "C"' is for builds by C++ compilers;
|    although this is not generally supported in C code supporting it here
|    has little cost and some practical benefit (sr 110532).  */
| #ifdef __cplusplus
| extern "C"
| #endif
| char cupsRasterOpen (void);
| int
| main (void)
| {
| return cupsRasterOpen ();
|   ;
|   return 0;
| }
configure:5771: result: no
configure:5781: checking for cupsRasterClose in -lcupsimage
configure:5810: gcc -o conftest    conftest.c -lcupsimage -lcups  -lc >&5
/usr/bin/ld: cannot find -lcupsimage: No such file or directory
/usr/bin/ld: cannot find -lcups: No such file or directory
collect2: error: ld returned 1 exit status
configure:5810: $? = 1
configure: failed program was:
| /* confdefs.h */
| #define PACKAGE_NAME "Omni"
| #define PACKAGE_TARNAME "Omni"
| #define PACKAGE_VERSION "0.9.2"
| #define PACKAGE_STRING "Omni 0.9.2"
| #define PACKAGE_BUGREPORT "linuxprt@us.ibm.com"
| #define PACKAGE_URL ""
| #define PACKAGE ""
| #define VERSION "0.9.2"
| #define HAVE_VSYSLOG 1
| #define HAVE_STDIO_H 1
| #define HAVE_STDLIB_H 1
| #define HAVE_STRING_H 1
| #define HAVE_INTTYPES_H 1
| #define HAVE_STDINT_H 1
| #define HAVE_STRINGS_H 1
| #define HAVE_SYS_STAT_H 1
| #define HAVE_SYS_TYPES_H 1
| #define HAVE_UNISTD_H 1
| #define HAVE_SYS_PARAM_H 1
| #define STDC_HEADERS 1
| /* end confdefs.h.  */
| 
| /* Override any GCC internal prototype to avoid an error.
|    Use char because int might match the return type of a GCC
|    builtin and then its argument prototype would still apply.
|    The 'extern "C"' is for builds by C++ compilers;
|    although this is not generally supported in C code supporting it here
|    has little cost and some practical benefit (sr 110532).  */
| #ifdef __cplusplus
| extern "C"
| #endif
| char cupsRasterClose (void);
| int
| main (void)
| {
| return cupsRasterClose ();
|   ;
|   return 0;
| }
configure:5822: result: no
configure:5832: checking for cupsRasterReadPixels in -lcupsimage
configure:5861: gcc -o conftest    conftest.c -lcupsimage -lcups  -lc >&5
/usr/bin/ld: cannot find -lcupsimage: No such file or directory
/usr/bin/ld: cannot find -lcups: No such file or directory
collect2: error: ld returned 1 exit status
configure:5861: $? = 1
configure: failed program was:
| /* confdefs.h */
| #define PACKAGE_NAME "Omni"
| #define PACKAGE_TARNAME "Omni"
| #define PACKAGE_VERSION "0.9.2"
| #define PACKAGE_STRING "Omni 0.9.2"
| #define PACKAGE_BUGREPORT "linuxprt@us.ibm.com"
| #define PACKAGE_URL ""
| #define PACKAGE ""
| #define VERSION "0.9.2"
| #define HAVE_VSYSLOG 1
| #define HAVE_STDIO_H 1
| #define HAVE_STDLIB_H 1
| #define HAVE_STRING_H 1
| #define HAVE_INTTYPES_H 1
| #define HAVE_STDINT_H 1
| #define HAVE_STRINGS_H 1
| #define HAVE_SYS_STAT_H 1
| #define HAVE_SYS_TYPES_H 1
| #define HAVE_UNISTD_H 1
| #define HAVE_SYS_PARAM_H 1
| #define STDC_HEADERS 1
| /* end confdefs.h.  */
| 
| /* Override any GCC internal prototype to avoid an error.
|    Use char because int might match the return type of a GCC
|    builtin and then its argument prototype would still apply.
|    The 'extern "C"' is for builds by C++ compilers;
|    although this is not generally supported in C code supporting it here
|    has little cost and some practical benefit (sr 110532).  */
| #ifdef __cplusplus
| extern "C"
| #endif
| char cupsRasterReadPixels (void);
| int
| main (void)
| {
| return cupsRasterReadPixels ();
|   ;
|   return 0;
| }
configure:5873: result: no
configure:5883: checking for cupsRasterReadHeader in -lcupsimage
configure:5912: gcc -o conftest    conftest.c -lcupsimage -lcups  -lc >&5
/usr/bin/ld: cannot find -lcupsimage: No such file or directory
/usr/bin/ld: cannot find -lcups: No such file or directory
collect2: error: ld returned 1 exit status
configure:5912: $? = 1
configure: failed program was:
| /* confdefs.h */
| #define PACKAGE_NAME "Omni"
| #define PACKAGE_TARNAME "Omni"
| #define PACKAGE_VERSION "0.9.2"
| #define PACKAGE_STRING "Omni 0.9.2"
| #define PACKAGE_BUGREPORT "linuxprt@us.ibm.com"
| #define PACKAGE_URL ""
| #define PACKAGE ""
| #define VERSION "0.9.2"
| #define HAVE_VSYSLOG 1
| #define HAVE_STDIO_H 1
| #define HAVE_STDLIB_H 1
| #define HAVE_STRING_H 1
| #define HAVE_INTTYPES_H 1
| #define HAVE_STDINT_H 1
| #define HAVE_STRINGS_H 1
| #define HAVE_SYS_STAT_H 1
| #define HAVE_SYS_TYPES_H 1
| #define HAVE_UNISTD_H 1
| #define HAVE_SYS_PARAM_H 1
| #define STDC_HEADERS 1
| /* end confdefs.h.  */
| 
| /* Override any GCC internal prototype to avoid an error.
|    Use char because int might match the return type of a GCC
|    builtin and then its argument prototype would still apply.
|    The 'extern "C"' is for builds by C++ compilers;
|    although this is not generally supported in C code supporting it here
|    has little cost and some practical benefit (sr 110532).  */
| #ifdef __cplusplus
| extern "C"
| #endif
| char cupsRasterReadHeader (void);
| int
| main (void)
| {
| return cupsRasterReadHeader ();
|   ;
|   return 0;
| }
configure:5924: result: no
configure:5940: result: Building with CUPS: No
configure:5978: checking for gtkmm-config
configure:6017: result: no
configure:6023: WARNING: Please install the gtkmm development package to build the JobDialog.
configure:6033: checking for gtk-config
configure:6072: result: no
configure:6078: WARNING: Please install the gtk development package to build the JobDialog.
configure:6088: checking for sigc-config
configure:6127: result: no
configure:6133: WARNING: Please install the sigc development package to build the JobDialog.
configure:6143: result: Building Omni job dialog: No
configure:6178: checking for python
configure:6217: result: no
configure:6223: WARNING: Please install Python to build the XmlTool.
configure:6271: result: Building Omni XML device creation tool: No
configure:6472: result: Building Omni C++ XML device creation tool: No
configure:6615: result: Building Omni XML library: Yes
configure:6643: checking supported compiler flags
configure:6660: gcc -c  -Wall  conftest.c >&5
configure:6660: $? = 0
configure:6660: gcc -c  -Wstrict-prototypes  conftest.c >&5
configure:6660: $? = 0
configure:6660: gcc -c  -Wmissing-prototypes  conftest.c >&5
configure:6660: $? = 0
configure:6660: gcc -c  -fno-builtin  conftest.c >&5
configure:6660: $? = 0
configure:6660: gcc -c  -fno-common  conftest.c >&5
configure:6660: $? = 0
configure:6670: result:  ...done.
configure:6714: checking for gawk
configure:6747: result: mawk
configure:6828: checking for g++
configure:6849: found /usr/bin/g++
configure:6861: result: g++
configure:6888: checking for C++ compiler version
configure:6897: g++ --version >&5
g++ (Ubuntu 14.2.0-19ubuntu2) 14.2.0
Copyright (C) 2024 Free Software Foundation, Inc.
This is free software; see the source for copying conditions.  There is NO
warranty; not even for MERCHANTABILITY or FITNESS FOR A PARTICULAR PURPOSE.

configure:6908: $? = 0
configure:6897: g++ -v >&5
Using built-in specs.
COLLECT_GCC=g++
COLLECT_LTO_WRAPPER=/usr/libexec/gcc/x86_64-linux-gnu/14/lto-wrapper
OFFLOAD_TARGET_NAMES=nvptx-none:amdgcn-amdhsa
OFFLOAD_TARGET_DEFAULT=1
Target: x86_64-linux-gnu
Configured with: ../src/configure -v --with-pkgversion='Ubuntu 14.2.0-19ubuntu2' --with-bugurl=file:///usr/share/doc/gcc-14/README.Bugs --enable-languages=c,ada,c++,go,d,fortran,objc,obj-c++,m2,rust --prefix=/usr --with-gcc-major-version-only --program-suffix=-14 --program-prefix=x86_64-linux-gnu- --enable-shared --enable-linker-build-id --libexecdir=/usr/libexec --without-included-gettext --enable-threads=posix --libdir=/usr/lib --enable-nls --enable-bootstrap --enable-clocale=gnu --enable-libstdcxx-debug --enable-libstdcxx-time=yes --with-default-libstdcxx-abi=new --enable-libstdcxx-backtrace --enable-gnu-unique-object --disable-vtable-verify --enable-plugin --enable-default-pie --with-system-zlib --enable-libphobos-checking=release --with-target-system-zlib=auto --enable-objc-gc=auto --enable-multiarch --disable-werror --enable-cet --with-arch-32=i686 --with-abi=m64 --with-multilib-list=m32,m64,mx32 --enable-multilib --with-tune=generic --enable-offload-targets=nvptx-none=/build/gcc-14-C86vgL/gcc-14-14.2.0/debian/tmp-nvptx/usr,amdgcn-amdhsa=/build/gcc-14-C86vgL/gcc-14-14.2.0/debian/tmp-gcn/usr --enable-offload-defaulted --without-cuda-driver --enable-checking=release --build=x86_64-linux-gnu --host=x86_64-linux-gnu --target=x86_64-linux-gnu --with-build-config=bootstrap-lto-lean --enable-link-serialization=2
Thread model: posix
Supported LTO compression algorithms: zlib zstd
gcc version 14.2.0 (Ubuntu 14.2.0-19ubuntu2) 
... rest of stderr output deleted ...
configure:6908: $? = 0
configure:6897: g++ -V >&5
g++: error: unrecognized command-line option '-V'
g++: fatal error: no input files
compilation terminated.
configure:6908: $? = 1
configure:6897: g++ -qversion >&5
g++: error: unrecognized command-line option '-qversion'; did you mean '--version'?
g++: fatal error: no input files
compilation terminated.
configure:6908: $? = 1
configure:6912: checking whether the compiler supports GNU C++
configure:6932: g++ -c -DUSE_STANDARD_NAMES=1 -DRETAIL=1 -DLIBRARY_PATH=${exec_prefix}/lib// -DSHARE_PATH=${datarootdir}// -DBIN_PATH=${exec_prefix}/bin/   -Wall -Wstrict-prototypes -Wmissing-prototypes -fno-builtin -fno-common  conftest.cpp >&5
cc1plus: warning: command-line option '-Wstrict-prototypes' is valid for C/ObjC but not for C++
cc1plus: warning: command-line option '-Wmissing-prototypes' is valid for C/ObjC but not for C++
configure:6932: $? = 0
configure:6944: result: yes
configure:6955: checking whether g++ accepts -g
configure:6976: g++ -c -g  conftest.cpp >&5
configure:6976: $? = 0
configure:7023: result: yes
configure:7043: checking for g++ option to enable C++11 features
configure:7058: g++  -c -DUSE_STANDARD_NAMES=1 -DRETAIL=1 -DLIBRARY_PATH=${exec_prefix}/lib// -DSHARE_PATH=${datarootdir}// -DBIN_PATH=${exec_prefix}/bin/   -Wall -Wstrict-prototypes -Wmissing-prototypes -fno-builtin -fno-common  conftest.cpp >&5
cc1plus: warning: command-line option '-Wstrict-prototypes' is valid for C/ObjC but not for C++
cc1plus: warning: command-line option '-Wmissing-prototypes' is valid for C/ObjC but not for C++
conftest.cpp: In function 'int main(int, char**)':
conftest.cpp:146:8: warning: unused variable 'a1' [-Wunused-variable]
  146 |   auto a1 = 6538;
      |        ^~
conftest.cpp:153:16: warning: unused variable 'a4' [-Wunused-variable]
  153 |   decltype(a2) a4 = 34895.034;
      |                ^~
conftest.cpp:157:9: warning: unused variable 'sa' [-Wunused-variable]
  157 |   short sa[cxx11test::get_val()] = { 0 };
      |         ^~
conftest.cpp:161:23: warning: unused variable 'il' [-Wunused-variable]
  161 |   cxx11test::testinit il = { 4323, 435234.23544 };
      |                       ^~
conftest.cpp:182:8: warning: unused variable 'a' [-Wunused-variable]
  182 |   auto a = sum(1);
      |        ^
conftest.cpp:183:8: warning: unused variable 'b' [-Wunused-variable]
  183 |   auto b = sum(1, 2);
      |        ^
conftest.cpp:184:8: warning: unused variable 'c' [-Wunused-variable]
  184 |   auto c = sum(1.0, 2.0, 3.0);
      |        ^
conftest.cpp:189:25: warning: empty parentheses were disambiguated as a function declaration [-Wvexing-parse]
  189 |   cxx11test::delegate d2();
      |                         ^~
conftest.cpp:189:25: note: remove parentheses to default-initialize a variable
  189 |   cxx11test::delegate d2();
      |                         ^~
      |                         --
conftest.cpp:189:25: note: or replace parentheses with braces to value-initialize a variable
conftest.cpp:198:9: warning: unused variable 'c' [-Wunused-variable]
  198 |   char *c = nullptr;
      |         ^
conftest.cpp:206:15: warning: unused variable 'utf8' [-Wunused-variable]
  206 |   char const *utf8 = u8"UTF-8 string \u2500";
      |               ^~~~
conftest.cpp:207:19: warning: unused variable 'utf16' [-Wunused-variable]
  207 |   char16_t const *utf16 = u"UTF-8 string \u2500";
      |                   ^~~~~
conftest.cpp:208:19: warning: unused variable 'utf32' [-Wunused-variable]
  208 |   char32_t const *utf32 = U"UTF-32 string \u2500";
      |                   ^~~~~
configure:7058: $? = 0
configure:7077: result: none needed
configure:7148: checking dependency style of g++
configure:7261: result: gcc3
configure:7277: checking whether ln -s works
configure:7281: result: yes
configure:7288: checking whether make sets $(MAKE)
configure:7312: result: yes
configure:7353: checking build system type
configure:7369: result: x86_64-pc-linux-gnu
configure:7389: checking host system type
configure:7404: result: x86_64-pc-linux-gnu
configure:7445: checking how to print strings
configure:7472: result: printf
configure:7493: checking for a sed that does not truncate output
configure:7565: result: /usr/bin/sed
configure:7583: checking for grep that handles long lines and -e
configure:7649: result: /usr/bin/grep
configure:7654: checking for egrep
configure:7724: result: /usr/bin/grep -E
configure:7731: checking for fgrep
configure:7801: result: /usr/bin/grep -F
configure:7838: checking for ld used by gcc
configure:7907: result: /usr/bin/ld
configure:7914: checking if the linker (/usr/bin/ld) is GNU ld
configure:7931: result: yes
configure:7943: checking for BSD- or MS-compatible name lister (nm)
configure:7999: result: /usr/bin/nm -B
configure:8141: checking the name lister (/usr/bin/nm -B) interface
configure:8149: gcc -c   conftest.c >&5
configure:8152: /usr/bin/nm -B "conftest.o"
configure:8155: output
0000000000000000 B some_variable
configure:8163: result: BSD nm
configure:8167: checking the maximum length of command line arguments
configure:8300: result: 1572864
configure:8348: checking how to convert x86_64-pc-linux-gnu file names to x86_64-pc-linux-gnu format
configure:8390: result: func_convert_file_noop
configure:8397: checking how to convert x86_64-pc-linux-gnu file names to toolchain format
configure:8419: result: func_convert_file_noop
configure:8426: checking for /usr/bin/ld option to reload object files
configure:8435: result: -r
configure:8468: checking for file
configure:8489: found /usr/bin/file
configure:8502: result: file
configure:8565: checking for objdump
configure:8586: found /usr/bin/objdump
configure:8598: result: objdump
configure:8630: checking how to recognize dependent libraries
configure:8839: result: pass_all
configure:8930: checking for dlltool
configure:8966: result: no
configure:8996: checking how to associate runtime and link libraries
configure:9025: result: printf %s\n
configure:9085: checking for ranlib
configure:9106: found /usr/bin/ranlib
configure:9118: result: ranlib
configure:9195: checking for ar
configure:9216: found /usr/bin/ar
configure:9228: result: ar
configure:9281: checking for archiver @FILE support
configure:9299: gcc -c   conftest.c >&5
configure:9299: $? = 0
configure:9303: ar cr libconftest.a @conftest.lst >&5
configure:9306: $? = 0
configure:9311: ar cr libconftest.a @conftest.lst >&5
ar: conftest.o: No such file or directory
configure:9314: $? = 1
configure:9327: result: @
configure:9391: checking for strip
configure:9412: found /usr/bin/strip
configure:9424: result: strip
configure:9527: checking command to parse /usr/bin/nm -B output from gcc object
configure:9681: gcc -c   conftest.c >&5
configure:9684: $? = 0
configure:9688: /usr/bin/nm -B conftest.o | /usr/bin/sed -n -e 's/^.*[	 ]\([ABCDGIRSTW][ABCDGIRSTW]*\)[	 ][	 ]*\([_A-Za-z][_A-Za-z0-9]*\)$/\1 \2 \2/p' | /usr/bin/sed '/ __gnu_lto/d' > conftest.nm
configure:9754: gcc -o conftest    conftest.c conftstm.o >&5
configure:9757: $? = 0
configure:9796: result: ok
configure:9843: checking for sysroot
configure:9877: result: no
configure:9884: checking for a working dd
configure:9929: result: /usr/bin/dd
configure:9933: checking how to truncate binary pipes
configure:9950: result: /usr/bin/dd bs=4096 count=1
configure:10087: gcc -c   conftest.c >&5
configure:10090: $? = 0
configure:10290: checking for mt
configure:10326: result: no
configure:10346: checking if : is a manifest tool
configure:10353: : '-?'
configure:10362: result: no
configure:11155: checking for dlfcn.h
configure:11155: gcc -c   conftest.c >&5
configure:11155: $? = 0
configure:11155: result: yes
configure:11437: checking for objdir
configure:11454: result: .libs
configure:11716: checking if gcc supports -fno-rtti -fno-exceptions
configure:11735: gcc -c   -fno-rtti -fno-exceptions conftest.c >&5
cc1: warning: command-line option '-fno-rtti' is valid for C++/D/ObjC++ but not for C
configure:11739: $? = 0
configure:11753: result: no
configure:12132: checking for gcc option to produce PIC
configure:12141: result: -fPIC -DPIC
configure:12149: checking if gcc PIC flag -fPIC -DPIC works
configure:12168: gcc -c   -fPIC -DPIC -DPIC conftest.c >&5
configure:12172: $? = 0
configure:12186: result: yes
configure:12215: checking if gcc static flag -static works
configure:12245: result: yes
configure:12260: checking if gcc supports -c -o file.o
configure:12282: gcc -c   -o out/conftest2.o conftest.c >&5
configure:12286: $? = 0
configure:12309: result: yes
configure:12317: checking if gcc supports -c -o file.o
configure:12366: result: yes
configure:12399: checking whether the gcc linker (/usr/bin/ld -m elf_x86_64) supports shared libraries
configure:13687: result: yes
configure:13724: checking whether -lc should be explicitly linked in
configure:13733: gcc -c   conftest.c >&5
configure:13736: $? = 0
configure:13751: gcc -shared  -fPIC -DPIC conftest.o  -v -Wl,-soname -Wl,conftest -o conftest 2\>\&1 \| /usr/bin/grep  -lc  \>/dev/null 2\>\&1
configure:13754: $? = 0
configure:13769: result: no
configure:13929: checking dynamic linker characteristics
configure:14548: gcc -o conftest    -Wl,-rpath -Wl,/foo conftest.c  -lc >&5
configure:14548: $? = 0
configure:15331: result: GNU/Linux ld.so
configure:15453: checking how to hardcode library paths into programs
configure:15478: result: immediate
configure:16078: checking whether stripping libraries is possible
configure:16087: result: yes
configure:16129: checking if libtool supports shared libraries
configure:16131: result: yes
configure:16134: checking whether to build shared libraries
configure:16159: result: yes
configure:16162: checking whether to build static libraries
configure:16166: result: no
configure:16189: checking how to run the C++ preprocessor
configure:16211: g++ -E  conftest.cpp
configure:16211: $? = 0
configure:16227: g++ -E  conftest.cpp
conftest.cpp:25:10: fatal error: ac_nonexistent.h: No such file or directory
   25 | #include <ac_nonexistent.h>
      |          ^~~~~~~~~~~~~~~~~~
compilation terminated.
configure:16227: $? = 1
configure: failed program was:
| /* confdefs.h */
| #define PACKAGE_NAME "Omni"
| #define PACKAGE_TARNAME "Omni"
| #define PACKAGE_VERSION "0.9.2"
| #define PACKAGE_STRING "Omni 0.9.2"
| #define PACKAGE_BUGREPORT "linuxprt@us.ibm.com"
| #define PACKAGE_URL ""
| #define PACKAGE ""
| #define VERSION "0.9.2"
| #define HAVE_VSYSLOG 1
| #define HAVE_STDIO_H 1
| #define HAVE_STDLIB_H 1
| #define HAVE_STRING_H 1
| #define HAVE_INTTYPES_H 1
| #define HAVE_STDINT_H 1
| #define HAVE_STRINGS_H 1
| #define HAVE_SYS_STAT_H 1
| #define HAVE_SYS_TYPES_H 1
| #define HAVE_UNISTD_H 1
| #define HAVE_SYS_PARAM_H 1
| #define STDC_HEADERS 1
| #define HAVE_DLFCN_H 1
| #define LT_OBJDIR ".libs/"
| /* end confdefs.h.  */
| #include <ac_nonexistent.h>
configure:16256: result: g++ -E
configure:16270: g++ -E  conftest.cpp
configure:16270: $? = 0
configure:16286: g++ -E  conftest.cpp
conftest.cpp:25:10: fatal error: ac_nonexistent.h: No such file or directory
   25 | #include <ac_nonexistent.h>
      |          ^~~~~~~~~~~~~~~~~~
compilation terminated.
configure:16286: $? = 1
configure: failed program was:
| /* confdefs.h */
| #define PACKAGE_NAME "Omni"
| #define PACKAGE_TARNAME "Omni"
| #define PACKAGE_VERSION "0.9.2"
| #define PACKAGE_STRING "Omni 0.9.2"
| #define PACKAGE_BUGREPORT "linuxprt@us.ibm.com"
| #define PACKAGE_URL ""
| #define PACKAGE ""
| #define VERSION "0.9.2"
| #define HAVE_VSYSLOG 1
| #define HAVE_STDIO_H 1
| #define HAVE_STDLIB_H 1
| #define HAVE_STRING_H 1
| #define HAVE_INTTYPES_H 1
| #define HAVE_STDINT_H 1
| #define HAVE_STRINGS_H 1
| #define HAVE_SYS_STAT_H 1
| #define HAVE_SYS_TYPES_H 1
| #define HAVE_UNISTD_H 1
| #define HAVE_SYS_PARAM_H 1
| #define STDC_HEADERS 1
| #define HAVE_DLFCN_H 1
| #define LT_OBJDIR ".libs/"
| /* end confdefs.h.  */
| #include <ac_nonexistent.h>
configure:16454: checking for ld used by g++
configure:16523: result: /usr/bin/ld -m elf_x86_64
configure:16530: checking if the linker (/usr/bin/ld -m elf_x86_64) is GNU ld
configure:16547: result: yes
configure:16601: checking whether the g++ linker (/usr/bin/ld -m elf_x86_64) supports shared libraries
configure:17689: result: yes
configure:17725: g++ -c -DUSE_STANDARD_NAMES=1 -DRETAIL=1 -DLIBRARY_PATH=${exec_prefix}/lib// -DSHARE_PATH=${datarootdir}// -DBIN_PATH=${exec_prefix}/bin/   -Wall -Wstrict-prototypes -Wmissing-prototypes -fno-builtin -fno-common  conftest.cpp >&5
cc1plus: warning: command-line option '-Wstrict-prototypes' is valid for C/ObjC but not for C++
cc1plus: warning: command-line option '-Wmissing-prototypes' is valid for C/ObjC but not for C++
configure:17728: $? = 0
configure:18214: checking for g++ option to produce PIC
configure:18223: result: -fPIC -DPIC
configure:18231: checking if g++ PIC flag -fPIC -DPIC works
configure:18250: g++ -c -DUSE_STANDARD_NAMES=1 -DRETAIL=1 -DLIBRARY_PATH=${exec_prefix}/lib// -DSHARE_PATH=${datarootdir}// -DBIN_PATH=${exec_prefix}/bin/   -Wall -Wstrict-prototypes -Wmissing-prototypes -fno-builtin -fno-common  -fPIC -DPIC -DPIC conftest.cpp >&5
cc1plus: warning: command-line option '-Wstrict-prototypes' is valid for C/ObjC but not for C++
cc1plus: warning: command-line option '-Wmissing-prototypes' is valid for C/ObjC but not for C++
configure:18254: $? = 0
configure:18268: result: yes
configure:18291: checking if g++ static flag -static works
cc1plus: warning: command-line option '-Wstrict-prototypes' is valid for C/ObjC but not for C++
cc1plus: warning: command-line option '-Wmissing-prototypes' is valid for C/ObjC but not for C++
configure:18321: result: yes
configure:18333: checking if g++ supports -c -o file.o
configure:18355: g++ -c -DUSE_STANDARD_NAMES=1 -DRETAIL=1 -DLIBRARY_PATH=${exec_prefix}/lib// -DSHARE_PATH=${datarootdir}// -DBIN_PATH=${exec_prefix}/bin/   -Wall -Wstrict-prototypes -Wmissing-prototypes -fno-builtin -fno-common  -o out/conftest2.o conftest.cpp >&5
cc1plus: warning: command-line option '-Wstrict-prototypes' is valid for C/ObjC but not for C++
cc1plus: warning: command-line option '-Wmissing-prototypes' is valid for C/ObjC but not for C++
configure:18359: $? = 0
configure:18382: result: yes
configure:18387: checking if g++ supports -c -o file.o
configure:18436: result: yes
configure:18466: checking whether the g++ linker (/usr/bin/ld -m elf_x86_64) supports shared libraries
configure:18509: result: yes
configure:18652: checking dynamic linker characteristics
configure:19958: result: GNU/Linux ld.so
configure:20023: checking how to hardcode library paths into programs
configure:20048: result: immediate
configure:20114: checking for egrep
configure:20184: result: /usr/bin/grep -E
configure:20192: checking for sys/wait.h that is POSIX.1 compatible
configure:20219: gcc -c   conftest.c >&5
configure:20219: $? = 0
configure:20229: result: yes
configure:20237: checking for fcntl.h
configure:20237: gcc -c   conftest.c >&5
configure:20237: $? = 0
configure:20237: result: yes
configure:20243: checking for unistd.h
configure:20243: result: yes
configure:20251: checking for an ANSI C-conforming const
configure:20318: gcc -c   conftest.c >&5
configure:20318: $? = 0
configure:20328: result: yes
configure:20336: checking for inline
configure:20353: gcc -c   conftest.c >&5
configure:20353: $? = 0
configure:20363: result: inline
configure:20381: checking for mode_t
configure:20381: gcc -c   conftest.c >&5
configure:20381: $? = 0
configure:20381: gcc -c   conftest.c >&5
conftest.c: In function 'main':
conftest.c:59:21: error: expected expression before ')' token
   59 | if (sizeof ((mode_t)))
      |                     ^
configure:20381: $? = 1
configure: failed program was:
| /* confdefs.h */
| #define PACKAGE_NAME "Omni"
| #define PACKAGE_TARNAME "Omni"
| #define PACKAGE_VERSION "0.9.2"
| #define PACKAGE_STRING "Omni 0.9.2"
| #define PACKAGE_BUGREPORT "linuxprt@us.ibm.com"
| #define PACKAGE_URL ""
| #define PACKAGE ""
| #define VERSION "0.9.2"
| #define HAVE_VSYSLOG 1
| #define HAVE_STDIO_H 1
| #define HAVE_STDLIB_H 1
| #define HAVE_STRING_H 1
| #define HAVE_INTTYPES_H 1
| #define HAVE_STDINT_H 1
| #define HAVE_STRINGS_H 1
| #define HAVE_SYS_STAT_H 1
| #define HAVE_SYS_TYPES_H 1
| #define HAVE_UNISTD_H 1
| #define HAVE_SYS_PARAM_H 1
| #define STDC_HEADERS 1
| #define HAVE_DLFCN_H 1
| #define LT_OBJDIR ".libs/"
| #define HAVE_SYS_WAIT_H 1
| #define HAVE_FCNTL_H 1
| #define HAVE_UNISTD_H 1
| /* end confdefs.h.  */
| #include <stddef.h>
| #ifdef HAVE_STDIO_H
| # include <stdio.h>
| #endif
| #ifdef HAVE_STDLIB_H
| # include <stdlib.h>
| #endif
| #ifdef HAVE_STRING_H
| # include <string.h>
| #endif
| #ifdef HAVE_INTTYPES_H
| # include <inttypes.h>
| #endif
| #ifdef HAVE_STDINT_H
| # include <stdint.h>
| #endif
| #ifdef HAVE_STRINGS_H
| # include <strings.h>
| #endif
| #ifdef HAVE_SYS_TYPES_H
| # include <sys/types.h>
| #endif
| #ifdef HAVE_SYS_STAT_H
| # include <sys/stat.h>
| #endif
| #ifdef HAVE_UNISTD_H
| # include <unistd.h>
| #endif
| int
| main (void)
| {
| if (sizeof ((mode_t)))
| 	    return 0;
|   ;
|   return 0;
| }
configure:20381: result: yes
configure:20392: checking for off_t
configure:20392: gcc -c   conftest.c >&5
configure:20392: $? = 0
configure:20392: gcc -c   conftest.c >&5
conftest.c: In function 'main':
conftest.c:59:20: error: expected expression before ')' token
   59 | if (sizeof ((off_t)))
      |                    ^
configure:20392: $? = 1
configure: failed program was:
| /* confdefs.h */
| #define PACKAGE_NAME "Omni"
| #define PACKAGE_TARNAME "Omni"
| #define PACKAGE_VERSION "0.9.2"
| #define PACKAGE_STRING "Omni 0.9.2"
| #define PACKAGE_BUGREPORT "linuxprt@us.ibm.com"
| #define PACKAGE_URL ""
| #define PACKAGE ""
| #define VERSION "0.9.2"
| #define HAVE_VSYSLOG 1
| #define HAVE_STDIO_H 1
| #define HAVE_STDLIB_H 1
| #define HAVE_STRING_H 1
| #define HAVE_INTTYPES_H 1
| #define HAVE_STDINT_H 1
| #define HAVE_STRINGS_H 1
| #define HAVE_SYS_STAT_H 1
| #define HAVE_SYS_TYPES_H 1
| #define HAVE_UNISTD_H 1
| #define HAVE_SYS_PARAM_H 1
| #define STDC_HEADERS 1
| #define HAVE_DLFCN_H 1
| #define LT_OBJDIR ".libs/"
| #define HAVE_SYS_WAIT_H 1
| #define HAVE_FCNTL_H 1
| #define HAVE_UNISTD_H 1
| /* end confdefs.h.  */
| #include <stddef.h>
| #ifdef HAVE_STDIO_H
| # include <stdio.h>
| #endif
| #ifdef HAVE_STDLIB_H
| # include <stdlib.h>
| #endif
| #ifdef HAVE_STRING_H
| # include <string.h>
| #endif
| #ifdef HAVE_INTTYPES_H
| # include <inttypes.h>
| #endif
| #ifdef HAVE_STDINT_H
| # include <stdint.h>
| #endif
| #ifdef HAVE_STRINGS_H
| # include <strings.h>
| #endif
| #ifdef HAVE_SYS_TYPES_H
| # include <sys/types.h>
| #endif
| #ifdef HAVE_SYS_STAT_H
| # include <sys/stat.h>
| #endif
| #ifdef HAVE_UNISTD_H
| # include <unistd.h>
| #endif
| int
| main (void)
| {
| if (sizeof ((off_t)))
| 	    return 0;
|   ;
|   return 0;
| }
configure:20392: result: yes
configure:20403: checking for size_t
configure:20403: gcc -c   conftest.c >&5
configure:20403: $? = 0
configure:20403: gcc -c   conftest.c >&5
conftest.c: In function 'main':
conftest.c:59:21: error: expected expression before ')' token
   59 | if (sizeof ((size_t)))
      |                     ^
configure:20403: $? = 1
configure: failed program was:
| /* confdefs.h */
| #define PACKAGE_NAME "Omni"
| #define PACKAGE_TARNAME "Omni"
| #define PACKAGE_VERSION "0.9.2"
| #define PACKAGE_STRING "Omni 0.9.2"
| #define PACKAGE_BUGREPORT "linuxprt@us.ibm.com"
| #define PACKAGE_URL ""
| #define PACKAGE ""
| #define VERSION "0.9.2"
| #define HAVE_VSYSLOG 1
| #define HAVE_STDIO_H 1
| #define HAVE_STDLIB_H 1
| #define HAVE_STRING_H 1
| #define HAVE_INTTYPES_H 1
| #define HAVE_STDINT_H 1
| #define HAVE_STRINGS_H 1
| #define HAVE_SYS_STAT_H 1
| #define HAVE_SYS_TYPES_H 1
| #define HAVE_UNISTD_H 1
| #define HAVE_SYS_PARAM_H 1
| #define STDC_HEADERS 1
| #define HAVE_DLFCN_H 1
| #define LT_OBJDIR ".libs/"
| #define HAVE_SYS_WAIT_H 1
| #define HAVE_FCNTL_H 1
| #define HAVE_UNISTD_H 1
| /* end confdefs.h.  */
| #include <stddef.h>
| #ifdef HAVE_STDIO_H
| # include <stdio.h>
| #endif
| #ifdef HAVE_STDLIB_H
| # include <stdlib.h>
| #endif
| #ifdef HAVE_STRING_H
| # include <string.h>
| #endif
| #ifdef HAVE_INTTYPES_H
| # include <inttypes.h>
| #endif
| #ifdef HAVE_STDINT_H
| # include <stdint.h>
| #endif
| #ifdef HAVE_STRINGS_H
| # include <strings.h>
| #endif
| #ifdef HAVE_SYS_TYPES_H
| # include <sys/types.h>
| #endif
| #ifdef HAVE_SYS_STAT_H
| # include <sys/stat.h>
| #endif
| #ifdef HAVE_UNISTD_H
| # include <unistd.h>
| #endif
| int
| main (void)
| {
| if (sizeof ((size_t)))
| 	    return 0;
|   ;
|   return 0;
| }
configure:20403: result: yes
configure:20415: checking for working memcmp
configure:20460: gcc -o conftest    conftest.c  -lc >&5
configure:20460: $? = 0
configure:20460: ./conftest
configure:20460: $? = 0
configure:20474: result: yes
configure:20488: checking for getpagesize
configure:20488: gcc -o conftest    conftest.c  -lc >&5
configure:20488: $? = 0
configure:20488: result: yes
configure:20499: checking for working mmap
configure:20649: gcc -o conftest    conftest.c  -lc >&5
configure:20649: $? = 0
configure:20649: ./conftest
configure:20649: $? = 0
configure:20663: result: yes
configure:20672: checking for mkdir
configure:20672: gcc -o conftest    conftest.c  -lc >&5
configure:20672: $? = 0
configure:20672: result: yes
configure:20678: checking for mkfifo
configure:20678: gcc -o conftest    conftest.c  -lc >&5
configure:20678: $? = 0
configure:20678: result: yes
configure:20684: checking for putenv
configure:20684: gcc -o conftest    conftest.c  -lc >&5
configure:20684: $? = 0
configure:20684: result: yes
configure:20690: checking for select
configure:20690: gcc -o conftest    conftest.c  -lc >&5
configure:20690: $? = 0
configure:20690: result: yes
configure:20696: checking for strdup
configure:20696: gcc -o conftest    conftest.c  -lc >&5
conftest.c:50:6: warning: conflicting types for built-in function 'strdup'; expected 'char *(const char *)' [-Wbuiltin-declaration-mismatch]
   50 | char strdup (void);
      |      ^~~~~~
configure:20696: $? = 0
configure:20696: result: yes
configure:20702: checking for strstr
configure:20702: gcc -o conftest    conftest.c  -lc >&5
conftest.c:51:6: warning: conflicting types for built-in function 'strstr'; expected 'char *(const char *, const char *)' [-Wbuiltin-declaration-mismatch]
   51 | char strstr (void);
      |      ^~~~~~
conftest.c:43:1: note: 'strstr' is declared in header '<string.h>'
   42 | #include <limits.h>
   43 | #undef strstr
configure:20702: $? = 0
configure:20702: result: yes
configure:20711: checking if libsupc++ is required
configure:20724: result: yes
configure:20785: result: Building compiled device support.
configure:20792: result: Building device XML support.
configure:20796: result: Not building device UPDF support.
configure:20803: result: Not using the VendorSupplied directory.
configure:20810: result: Not building device font support.
configure:21006: checking that generated files are newer than configure
configure:21012: result: done
configure:21071: creating ./config.status

## ---------------------- ##
## Running config.status. ##
## ---------------------- ##

This file was extended by Omni config.status 0.9.2, which was
generated by GNU Autoconf 2.72.  Invocation command line was

  CONFIG_FILES    = 
  CONFIG_HEADERS  = 
  CONFIG_LINKS    = 
  CONFIG_COMMANDS = 
  $ ./config.status 

on cursor

config.status:1246: creating Makefile
config.status:1246: creating hppcl3/Makefile
config.status:1246: creating Foomatic/Makefile
config.status:1246: creating tools/Makefile
config.status:1246: creating XMLTools/Makefile
config.status:1246: creating XMLLib/Makefile
config.status:1246: creating XMLDevice/Makefile
config.status:1246: creating XMLParser/Makefile
config.status:1246: creating test/Makefile
config.status:1246: creating Brother/Makefile
config.status:1246: creating Canon/Makefile
config.status:1246: creating Epson/Makefile
config.status:1246: creating HPLaserJet/Makefile
config.status:1246: creating IBM/Makefile
config.status:1246: creating KS/Makefile
config.status:1246: creating Kyocera/Makefile
config.status:1246: creating Okidata/Makefile
config.status:1246: creating Panasonic/Makefile
config.status:1246: creating Star/Makefile
config.status:1246: creating config.h
config.status:1475: executing depfiles commands
config.status:1552: cd .       && sed -e '/# am--include-marker/d' Makefile         | make -f - am--depfiles
make: Nothing to be done for 'am--depfiles'.
config.status:1557: $? = 0
config.status:1552: cd hppcl3       && sed -e '/# am--include-marker/d' Makefile         | make -f - am--depfiles
make: Nothing to be done for 'am--depfiles'.
config.status:1557: $? = 0
config.status:1552: cd Foomatic       && sed -e '/# am--include-marker/d' Makefile         | make -f - am--depfiles
make: Nothing to be done for 'am--depfiles'.
config.status:1557: $? = 0
config.status:1552: cd tools       && sed -e '/# am--include-marker/d' Makefile         | make -f - am--depfiles
make: Nothing to be done for 'am--depfiles'.
config.status:1557: $? = 0
config.status:1552: cd XMLTools       && sed -e '/# am--include-marker/d' Makefile         | make -f - am--depfiles
make: Nothing to be done for 'am--depfiles'.
config.status:1557: $? = 0
config.status:1552: cd XMLLib       && sed -e '/# am--include-marker/d' Makefile         | make -f - am--depfiles
make: Nothing to be done for 'am--depfiles'.
config.status:1557: $? = 0
config.status:1552: cd XMLDevice       && sed -e '/# am--include-marker/d' Makefile         | make -f - am--depfiles
make: Nothing to be done for 'am--depfiles'.
config.status:1557: $? = 0
config.status:1552: cd XMLParser       && sed -e '/# am--include-marker/d' Makefile         | make -f - am--depfiles
make: Nothing to be done for 'am--depfiles'.
config.status:1557: $? = 0
config.status:1552: cd test       && sed -e '/# am--include-marker/d' Makefile         | make -f - am--depfiles
make: Nothing to be done for 'am--depfiles'.
config.status:1557: $? = 0
config.status:1552: cd Brother       && sed -e '/# am--include-marker/d' Makefile         | make -f - am--depfiles
make: Nothing to be done for 'am--depfiles'.
config.status:1557: $? = 0
config.status:1552: cd Canon       && sed -e '/# am--include-marker/d' Makefile         | make -f - am--depfiles
make: Nothing to be done for 'am--depfiles'.
config.status:1557: $? = 0
config.status:1552: cd Epson       && sed -e '/# am--include-marker/d' Makefile         | make -f - am--depfiles
make: Nothing to be done for 'am--depfiles'.
config.status:1557: $? = 0
config.status:1552: cd HPLaserJet       && sed -e '/# am--include-marker/d' Makefile         | make -f - am--depfiles
make: Nothing to be done for 'am--depfiles'.
config.status:1557: $? = 0
config.status:1552: cd IBM       && sed -e '/# am--include-marker/d' Makefile         | make -f - am--depfiles
make: Nothing to be done for 'am--depfiles'.
config.status:1557: $? = 0
config.status:1552: cd KS       && sed -e '/# am--include-marker/d' Makefile         | make -f - am--depfiles
make: Nothing to be done for 'am--depfiles'.
config.status:1557: $? = 0
config.status:1552: cd Kyocera       && sed -e '/# am--include-marker/d' Makefile         | make -f - am--depfiles
make: Nothing to be done for 'am--depfiles'.
config.status:1557: $? = 0
config.status:1552: cd Okidata       && sed -e '/# am--include-marker/d' Makefile         | make -f - am--depfiles
make: Nothing to be done for 'am--depfiles'.
config.status:1557: $? = 0
config.status:1552: cd Panasonic       && sed -e '/# am--include-marker/d' Makefile         | make -f - am--depfiles
make: Nothing to be done for 'am--depfiles'.
config.status:1557: $? = 0
config.status:1552: cd Star       && sed -e '/# am--include-marker/d' Makefile         | make -f - am--depfiles
make: Nothing to be done for 'am--depfiles'.
config.status:1557: $? = 0
config.status:1475: executing libtool commands

## ---------------- ##
## Cache variables. ##
## ---------------- ##

ac_cv_build=x86_64-pc-linux-gnu
ac_cv_c_compiler_gnu=yes
ac_cv_c_const=yes
ac_cv_c_inline=inline
ac_cv_cxx_compiler_gnu=yes
ac_cv_env_CCC_set=
ac_cv_env_CCC_value=
ac_cv_env_CC_set=
ac_cv_env_CC_value=
ac_cv_env_CFLAGS_set=set
ac_cv_env_CFLAGS_value=
ac_cv_env_CPPFLAGS_set=
ac_cv_env_CPPFLAGS_value=
ac_cv_env_CXXCPP_set=
ac_cv_env_CXXCPP_value=
ac_cv_env_CXXFLAGS_set=
ac_cv_env_CXXFLAGS_value=
ac_cv_env_CXX_set=
ac_cv_env_CXX_value=
ac_cv_env_LDFLAGS_set=
ac_cv_env_LDFLAGS_value=
ac_cv_env_LIBS_set=
ac_cv_env_LIBS_value=
ac_cv_env_LT_SYS_LIBRARY_PATH_set=
ac_cv_env_LT_SYS_LIBRARY_PATH_value=
ac_cv_env_build_alias_set=
ac_cv_env_build_alias_value=
ac_cv_env_host_alias_set=
ac_cv_env_host_alias_value=
ac_cv_env_target_alias_set=
ac_cv_env_target_alias_value=
ac_cv_func_getpagesize=yes
ac_cv_func_memcmp_working=yes
ac_cv_func_mkdir=yes
ac_cv_func_mkfifo=yes
ac_cv_func_mmap_fixed_mapped=yes
ac_cv_func_putenv=yes
ac_cv_func_select=yes
ac_cv_func_strdup=yes
ac_cv_func_strstr=yes
ac_cv_func_vsyslog=yes
ac_cv_header_cups_cups_h=no
ac_cv_header_cups_raster_h=no
ac_cv_header_dlfcn_h=yes
ac_cv_header_fcntl_h=yes
ac_cv_header_inttypes_h=yes
ac_cv_header_stdint_h=yes
ac_cv_header_stdio_h=yes
ac_cv_header_stdlib_h=yes
ac_cv_header_string_h=yes
ac_cv_header_strings_h=yes
ac_cv_header_sys_param_h=yes
ac_cv_header_sys_stat_h=yes
ac_cv_header_sys_types_h=yes
ac_cv_header_sys_wait_h=yes
ac_cv_header_unistd_h=yes
ac_cv_host=x86_64-pc-linux-gnu
ac_cv_lib_cups_ppdClose=no
ac_cv_lib_cups_ppdFindAttr=no
ac_cv_lib_cups_ppdOpenFile=no
ac_cv_lib_cupsimage_cupsRasterClose=no
ac_cv_lib_cupsimage_cupsRasterOpen=no
ac_cv_lib_cupsimage_cupsRasterReadHeader=no
ac_cv_lib_cupsimage_cupsRasterReadPixels=no
ac_cv_lib_gmodule_g_module_close=no
ac_cv_objext=o
ac_cv_path_EGREP='/usr/bin/grep -E'
ac_cv_path_EGREP_TRADITIONAL='/usr/bin/grep -E'
ac_cv_path_FGREP='/usr/bin/grep -F'
ac_cv_path_GLIB_CONFIG=/workspace/glib-config
ac_cv_path_GREP=/usr/bin/grep
ac_cv_path_SED=/usr/bin/sed
ac_cv_path_XML2_CONFIG=/usr/bin/xml2-config
ac_cv_path_install='/usr/bin/install -c'
ac_cv_path_lt_DD=/usr/bin/dd
ac_cv_path_mkdir=/usr/bin/mkdir
ac_cv_prog_AWK=mawk
ac_cv_prog_CXXCPP='g++ -E'
ac_cv_prog_FILECMD=file
ac_cv_prog_ac_ct_AR=ar
ac_cv_prog_ac_ct_CC=gcc
ac_cv_prog_ac_ct_CXX=g++
ac_cv_prog_ac_ct_OBJDUMP=objdump
ac_cv_prog_ac_ct_RANLIB=ranlib
ac_cv_prog_ac_ct_STRIP=strip
ac_cv_prog_cc_c11=
ac_cv_prog_cc_g=yes
ac_cv_prog_cc_stdc=
ac_cv_prog_cxx_cxx11=
ac_cv_prog_cxx_g=yes
ac_cv_prog_cxx_stdcxx=
ac_cv_prog_make_make_set=yes
ac_cv_type_mode_t=yes
ac_cv_type_off_t=yes
ac_cv_type_size_t=yes
am_cv_CC_dependencies_compiler_type=gcc3
am_cv_CXX_dependencies_compiler_type=gcc3
am_cv_filesystem_timestamp_resolution=0.01
am_cv_make_support_nested_variables=yes
am_cv_prog_cc_c_o=yes
am_cv_sleep_fractional_seconds=yes
am_cv_xargs_n_works=yes
lt_cv_ar_at_file=@
lt_cv_archive_cmds_need_lc=no
lt_cv_deplibs_check_method=pass_all
lt_cv_file_magic_cmd='$MAGIC_CMD'
lt_cv_file_magic_test_file=
lt_cv_ld_reload_flag=-r
lt_cv_nm_interface='BSD nm'
lt_cv_objdir=.libs
lt_cv_path_LD=/usr/bin/ld
lt_cv_path_LDCXX='/usr/bin/ld -m elf_x86_64'
lt_cv_path_NM='/usr/bin/nm -B'
lt_cv_path_manifest_tool=no
lt_cv_prog_compiler_c_o=yes
lt_cv_prog_compiler_c_o_CXX=yes
lt_cv_prog_compiler_pic='-fPIC -DPIC'
lt_cv_prog_compiler_pic_CXX='-fPIC -DPIC'
lt_cv_prog_compiler_pic_works=yes
lt_cv_prog_compiler_pic_works_CXX=yes
lt_cv_prog_compiler_rtti_exceptions=no
lt_cv_prog_compiler_static_works=yes
lt_cv_prog_compiler_static_works_CXX=yes
lt_cv_prog_gnu_ld=yes
lt_cv_prog_gnu_ldcxx=yes
lt_cv_sharedlib_from_linklib_cmd='printf %s\n'
lt_cv_shlibpath_overrides_runpath=yes
lt_cv_sys_global_symbol_pipe='/usr/bin/sed -n -e '\''s/^.*[	 ]\([ABCDGIRSTW][ABCDGIRSTW]*\)[	 ][	 ]*\([_A-Za-z][_A-Za-z0-9]*\)$/\1 \2 \2/p'\'' | /usr/bin/sed '\''/ __gnu_lto/d'\'''
lt_cv_sys_global_symbol_to_c_name_address='/usr/bin/sed -n -e '\''s/^: \(.*\) .*$/  {"\1", (void *) 0},/p'\'' -e '\''s/^[ABCDGIRSTW][ABCDGIRSTW]* .* \(.*\)$/  {"\1", (void *) \&\1},/p'\'''
lt_cv_sys_global_symbol_to_c_name_address_lib_prefix='/usr/bin/sed -n -e '\''s/^: \(.*\) .*$/  {"\1", (void *) 0},/p'\'' -e '\''s/^[ABCDGIRSTW][ABCDGIRSTW]* .* \(lib.*\)$/  {"\1", (void *) \&\1},/p'\'' -e '\''s/^[ABCDGIRSTW][ABCDGIRSTW]* .* \(.*\)$/  {"lib\1", (void *) \&\1},/p'\'''
lt_cv_sys_global_symbol_to_cdecl='/usr/bin/sed -n -e '\''s/^T .* \(.*\)$/extern int \1();/p'\'' -e '\''s/^[ABCDGIRSTW][ABCDGIRSTW]* .* \(.*\)$/extern char \1;/p'\'''
lt_cv_sys_global_symbol_to_import=
lt_cv_sys_max_cmd_len=1572864
lt_cv_to_host_file_cmd=func_convert_file_noop
lt_cv_to_tool_file_cmd=func_convert_file_noop
lt_cv_truncate_bin='/usr/bin/dd bs=4096 count=1'

## ----------------- ##
## Output variables. ##
## ----------------- ##

ACLOCAL='${SHELL} '\''/workspace/missing'\'' aclocal-1.17'
AMDEPBACKSLASH='\'
AMDEP_FALSE='#'
AMDEP_TRUE=''
AMTAR='$${TAR-tar}'
AM_BACKSLASH='\'
AM_DEFAULT_V='$(AM_DEFAULT_VERBOSITY)'
AM_DEFAULT_VERBOSITY='1'
AM_V='$(V)'
AR='ar'
AUTOCONF='${SHELL} '\''/workspace/missing'\'' autoconf'
AUTOHEADER='${SHELL} '\''/workspace/missing'\'' autoheader'
AUTOMAKE='${SHELL} '\''/workspace/missing'\'' automake-1.17'
AWK='mawk'
BUILD_COMPILED_DEVICE='XMLParser'
BUILD_CUPS=''
BUILD_DEVICE_FONT_SUPPORT=''
BUILD_JOB_DIALOG=''
BUILD_TEST_DEVICE='test'
BUILD_UPDF_DEVICE=''
BUILD_VENDORSUPPLIED=''
BUILD_XML_DEVICE='XMLDevice'
BUILD_XML_LIBRARY='XMLLib'
BUILD_XML_TOOL2=''
BUILD_XML_TOOL=''
CC='gcc'
CCDEPMODE='depmode=gcc3'
CDEFINES='-DUSE_STANDARD_NAMES=1 -DRETAIL=1 -DLIBRARY_PATH=${exec_prefix}/lib// -DSHARE_PATH=${datarootdir}// -DBIN_PATH=${exec_prefix}/bin/'
CFLAGS=''
COMPILED_DEVICES=' XMLDevice Brother Canon Epson HPLaserJet IBM KS Kyocera Okidata Panasonic Star'
CPPFLAGS=''
CSCOPE='cscope'
CTAGS='ctags'
CUPS_FALSE='#'
CUPS_LIBS=''
CUPS_TRUE=''
CXX='g++'
CXXCPP='g++ -E'
CXXDEPMODE='depmode=gcc3'
CXXFLAGS='-DUSE_STANDARD_NAMES=1 -DRETAIL=1 -DLIBRARY_PATH=${exec_prefix}/lib// -DSHARE_PATH=${datarootdir}// -DBIN_PATH=${exec_prefix}/bin/   -Wall -Wstrict-prototypes -Wmissing-prototypes -fno-builtin -fno-common'
CYGPATH_W='echo'
DEBUG_FALSE=''
DEBUG_LIBS=''
DEBUG_TRUE='#'
DEFAULTCUPSDATAROOT='/usr/share/cups/model/omni'
DEFAULTCUPSEXEROOT='/usr/lib/cups/filter'
DEFAULTFOOMATICROOT='/usr/share/foomatic/db/source'
DEFS='-DHAVE_CONFIG_H'
DEPDIR='.deps'
DLLTOOL='false'
DSYMUTIL=''
DUMPBIN=''
ECHO_C=''
ECHO_N='-n'
ECHO_T=''
EGREP='/usr/bin/grep -E'
ETAGS='etags'
EXEEXT=''
FGREP='/usr/bin/grep -F'
FILECMD='file'
GLIB_CONFIG='/workspace/glib-config'
GLIB_INCLUDES='-I/usr/include/glib-2.0 -I/usr/lib/x86_64-linux-gnu/glib-2.0/include -I/usr/include/sysprof-6 -pthread  -I/usr/include/glib-2.0 -I/usr/lib/x86_64-linux-gnu/glib-2.0/include -I/usr/include/sysprof-6 -pthread '
GLIB_LIBS='-lglib-2.0  -Wl,--export-dynamic -lgmodule-2.0 -pthread -lglib-2.0 -lglib-2.0 '
GREP='/usr/bin/grep'
GTKMM_CONFIG=''
GTK_CONFIG=''
INCLUDES='-I$(top_srcdir) -I$(top_srcdir)/hppcl3 -I/usr/include/glib-2.0 -I/usr/lib/x86_64-linux-gnu/glib-2.0/include -I/usr/include/sysprof-6 -pthread  -I/usr/include/glib-2.0 -I/usr/lib/x86_64-linux-gnu/glib-2.0/include -I/usr/include/sysprof-6 -pthread  -I/usr/include/libxml2 -I$(top_srcdir)/XMLLib'
INSTALL_DATA='${INSTALL} -m 644'
INSTALL_PROGRAM='${INSTALL}'
INSTALL_SCRIPT='${INSTALL}'
INSTALL_STRIP_PROGRAM='$(install_sh) -c -s'
JOB_DIALOG_CFLAGS=''
JOB_DIALOG_FALSE='#'
JOB_DIALOG_LFLAGS=''
JOB_DIALOG_TRUE=''
LD='/usr/bin/ld -m elf_x86_64'
LDFLAGS=''
LIBOBJS=''
LIBS=' -lc -lsupc++'
LIBTOOL='$(SHELL) $(top_builddir)/libtool'
LIPO=''
LN_S='ln -s'
LTLIBOBJS=''
LT_AGE='0'
LT_CURRENT='2'
LT_RELEASE='0.9}'
LT_REVISION='0'
LT_SYS_LIBRARY_PATH=''
MAKEINFO='${SHELL} '\''/workspace/missing'\'' makeinfo'
MANIFEST_TOOL=':'
MKDIR_P='/usr/bin/mkdir -p'
NM='/usr/bin/nm -B'
NMEDIT=''
OBJDUMP='objdump'
OBJEXT='o'
OMNI_BINARY_AGE='0'
OMNI_CURRENT_INTERFACE='2'
OMNI_INTERFACE_AGE='0'
OMNI_MAJOR_VERSION='0'
OMNI_MICRO_VERSION='2'
OMNI_MINOR_VERSION='9'
OMNI_VERSION='0.9.2'
OTOOL64=''
OTOOL=''
PACKAGE=''
PACKAGE_BUGREPORT='linuxprt@us.ibm.com'
PACKAGE_NAME='Omni'
PACKAGE_STRING='Omni 0.9.2'
PACKAGE_TARNAME='Omni'
PACKAGE_URL=''
PACKAGE_VERSION='0.9.2'
PATH_SEPARATOR=':'
PYTHON=''
RANLIB='ranlib'
SED='/usr/bin/sed'
SET_MAKE=''
SHELL='/bin/bash'
SIGC_CONFIG=''
STRIP='strip'
VERSION='0.9.2'
XML2_CONFIG='/usr/bin/xml2-config'
XML_CONFIG=''
XML_INCLUDES='-I/usr/include/libxml2 -I$(top_srcdir)/XMLLib'
XML_LIBS='-lxml2'
XML_TOOL2_CFLAGS=''
XML_TOOL2_FALSE=''
XML_TOOL2_LFLAGS=''
XML_TOOL2_TRUE='#'
XML_TOOL_FALSE='#'
XML_TOOL_TRUE=''
ac_ct_AR='ar'
ac_ct_CC='gcc'
ac_ct_CXX='g++'
ac_ct_DUMPBIN=''
am__EXEEXT_FALSE=''
am__EXEEXT_TRUE='#'
am__fastdepCC_FALSE='#'
am__fastdepCC_TRUE=''
am__fastdepCXX_FALSE='#'
am__fastdepCXX_TRUE=''
am__include='include'
am__isrc=''
am__leading_dot='.'
am__nodep='_no'
am__quote=''
am__rm_f_notfound=''
am__tar='$${TAR-tar} chof - "$$tardir"'
am__untar='$${TAR-tar} xf -'
am__xargs_n='xargs -n'
bindir='${exec_prefix}/bin'
build='x86_64-pc-linux-gnu'
build_alias=''
build_cpu='x86_64'
build_os='linux-gnu'
build_vendor='pc'
datadir='${datarootdir}'
datarootdir='${prefix}/share'
docdir='${datarootdir}/doc/${PACKAGE_TARNAME}'
dvidir='${docdir}'
exec_prefix='${prefix}'
host='x86_64-pc-linux-gnu'
host_alias=''
host_cpu='x86_64'
host_os='linux-gnu'
host_vendor='pc'
htmldir='${docdir}'
includedir='${prefix}/include'
infodir='${datarootdir}/info'
install_sh='${SHELL} /workspace/install-sh'
libdir='${exec_prefix}/lib'
libexecdir='${exec_prefix}/libexec'
localedir='${datarootdir}/locale'
localstatedir='${prefix}/var'
mandir='${datarootdir}/man'
mkdir_p='$(MKDIR_P)'
oldincludedir='/usr/include'
pdfdir='${docdir}'
prefix='/usr'
program_transform_name='s,x,x,'
psdir='${docdir}'
runstatedir='${localstatedir}/run'
sbindir='${exec_prefix}/sbin'
sharedstatedir='${prefix}/com'
sysconfdir='${prefix}/etc'
target_alias=''

## ----------- ##
## confdefs.h. ##
## ----------- ##

/* confdefs.h */
#define PACKAGE_NAME "Omni"
#define PACKAGE_TARNAME "Omni"
#define PACKAGE_VERSION "0.9.2"
#define PACKAGE_STRING "Omni 0.9.2"
#define PACKAGE_BUGREPORT "linuxprt@us.ibm.com"
#define PACKAGE_URL ""
#define PACKAGE ""
#define VERSION "0.9.2"
#define HAVE_VSYSLOG 1
#define HAVE_STDIO_H 1
#define HAVE_STDLIB_H 1
#define HAVE_STRING_H 1
#define HAVE_INTTYPES_H 1
#define HAVE_STDINT_H 1
#define HAVE_STRINGS_H 1
#define HAVE_SYS_STAT_H 1
#define HAVE_SYS_TYPES_H 1
#define HAVE_UNISTD_H 1
#define HAVE_SYS_PARAM_H 1
#define STDC_HEADERS 1
#define HAVE_DLFCN_H 1
#define LT_OBJDIR ".libs/"
#define HAVE_SYS_WAIT_H 1
#define HAVE_FCNTL_H 1
#define HAVE_UNISTD_H 1
#define HAVE_GETPAGESIZE 1
#define HAVE_MMAP 1
#define HAVE_MKDIR 1
#define HAVE_MKFIFO 1
#define HAVE_PUTENV 1
#define HAVE_SELECT 1
#define HAVE_STRDUP 1
#define HAVE_STRSTR 1

configure: exit 0

## ---------------------- ##
## Running config.status. ##
## ---------------------- ##

This file was extended by Omni config.status 0.9.2, which was
generated by GNU Autoconf 2.72.  Invocation command line was

  CONFIG_FILES    = 
  CONFIG_HEADERS  = 
  CONFIG_LINKS    = 
  CONFIG_COMMANDS = 
  $ ./config.status XMLDevice/Makefile depfiles

on cursor

config.status:1246: creating XMLDevice/Makefile
config.status:1475: executing depfiles commands
config.status:1552: cd XMLDevice       && sed -e '/# am--include-marker/d' Makefile         | make -f - am--depfiles
make[1]: Entering directory '/workspace/XMLDevice'
make[1]: Nothing to be done for 'am--depfiles'.
make[1]: Leaving directory '/workspace/XMLDevice'
config.status:1557: $? = 0

## ---------------------- ##
## Running config.status. ##
## ---------------------- ##

This file was extended by Omni config.status 0.9.2, which was
generated by GNU Autoconf 2.72.  Invocation command line was

  CONFIG_FILES    = 
  CONFIG_HEADERS  = 
  CONFIG_LINKS    = 
  CONFIG_COMMANDS = 
  $ ./config.status config.h

on cursor

config.status:1246: creating config.h
config.status:1427: config.h is unchanged
